84.222
121.003
235.527
289.854
435.392
488.623
621.445
724.154
757.981
833.571
844.624
887.195
1088.64
1271.03
1339.69
1388.61
1490.28
1988.48
2372.97
2544.17
3268.08
3727.9
3324.4
2648.48
2488.39
2931.75
2472.42
1592.79
1316.86
1151.81
822.082
552.276
626.771
965.198
1182.88
1649.13
2149.97
2297.6
2235.27
1889.34
1384.83
817.723
559.065
559.179
1097.49
1454.76
824.682
295.45
198.18
221.275
309.38
94.9824
16.4795
298.196
355.235
626.11
886.181
1022.46
1067.2
1134.4
1084.91
1082.79
1304.25
1522.75
1598.7
1625.16
1645.03
2064.54
2343.1
2486.22
3221.95
3694.36
3338.47
2701.85
2577.04
3097.75
2663.42
1828.88
1587.56
1434.11
1127.38
911.11
1004.22
1341.97
1561.28
1984.14
2485.52
2666.24
2612.8
2260.44
1729.78
1150.29
757.937
609.477
1061.29
1259.14
762.941
277.547
359.779
544.737
327.549
45.1427
34.8694
314.692
542.775
813.77
963.866
1011.97
1070.82
1004.67
946.704
1205.02
1423.71
1503.37
1527.56
1542.28
1930.86
2237.45
2354.13
3104.24
3613.41
3200.41
2560.09
2479.86
2950.62
2543.75
1729.51
1498.38
1351.98
1077.85
905.038
1040.45
1402.19
1575.98
1986.98
2464.74
2675.88
2670.85
2342.03
1866.4
1268.99
1036.09
946.98
1326.09
1643.23
1051.23
603.071
590.581
660.97
443.459
104.515
172.338
452.019
757.258
924.059
974.749
1018.01
913.496
802.532
1083.13
1312.25
1393.97
1402.73
1366.94
1675.93
1956
2056.05
2808.49
3328.46
2911.87
2287.45
2254.6
2711.43
2342.28
1592.31
1395.83
1266.36
1022.97
917.825
1086.65
1468.21
1636.81
1944.9
2391.12
2698.28
2730.85
2419.82
1972
1424.42
1197.09
1183.17
1605.64
1919.7
1337.49
842.992
750.398
753.983
526.963
129.116
305.618
700.097
884.493
933.509
950.595
770.719
672.291
899.427
1167.76
1242.94
1209.77
1078.23
1370.25
1552.13
1689.28
2412.71
2876.35
2543.57
1956.87
1853.87
2453.08
2087.75
1377.09
1249.22
1157.02
963.873
920.735
1135.09
1518
1650.1
1877.91
2333.3
2653.23
2755.34
2464.99
2031.75
1545.26
1296.7
1232.97
1752.51
1988.12
1458.92
932.377
859.814
843.04
582.199
253.162
408.499
597.317
644.115
650.799
467.253
389.339
592.113
852.727
928.371
911.831
864.16
1200.12
1521.18
1669.09
2398.92
2865.16
2450.26
1816.16
1723.16
2197.83
1833.63
1099.06
937.905
842.563
682.118
678.318
923.065
1310.68
1401.89
1605.57
2029.17
2379.74
2508.62
2238.85
1867.9
1419.25
1280.75
1352.02
1909.27
2252.51
1655.32
1083.83
875.537
760.651
546.398
154.065
192.164
239.108
253.677
180.738
141.378
357.033
542.744
617.937
652.516
736.094
1265.68
1762.66
2014.9
2708.56
3093.47
2655.17
1938.94
1734.94
2140.72
1691.8
850.782
615.366
482.801
299.986
336.116
572.172
941.18
1046.38
1226.53
1639.86
2003.86
2107.62
1853.79
1522.94
1164.45
1092.62
1319.24
2089.47
2524
1865.47
1135.61
771.639
554.041
390.394
34.7179
46.5299
99.1964
140.464
157.572
377.358
484.972
554.218
623.862
798.388
1457.3
2040.09
2331.19
3001.76
3347.47
2897.98
2145.66
1869.94
2236.15
1735.33
816.139
531.605
364.913
181.216
177.584
416.099
776.823
865.127
1082.48
1498.11
1823.87
1914.41
1665.11
1369.56
1056.91
1035.88
1350.01
2227.29
2717.82
2033.9
1232.29
794.009
528.855
402.671
22.4669
67.722
165.542
284.674
436.365
526.057
584.783
663.787
880.717
1583.21
2193.36
2505.79
3158.85
3480.11
3040.97
2279.44
1963.65
2320.59
1798.44
852.748
549.378
372.123
154.894
166.686
377.584
716.911
821.486
1038.94
1464.82
1774.29
1850.39
1603.39
1311.68
1037.52
1037.09
1372.29
2310.96
2815.95
2125.04
1297.95
832.803
549.896
434.717
67.249
124.101
276.348
401.946
474.166
524.537
607.68
844.444
1566.95
2195.18
2518.9
3160.78
3468.43
3031.81
2264.71
1930.13
2276.2
1744.85
790.13
480.896
301.737
82.1833
143.843
343.255
655.934
754.656
947.906
1371.22
1688.84
1765.33
1526.64
1248.32
1005.6
1024.13
1372.11
2332.13
2846.92
2153.22
1318.18
844.354
558.593
452.391
89.3449
136.235
266.72
310.504
365.156
451.126
688.653
1431.25
2081.7
2412.51
3046.11
3345.14
2897.49
2122.79
1782.74
2113.6
1581.14
624.289
323.315
138.717
26.0569
131.949
384.967
681.548
715.745
856.74
1248.27
1608.29
1718.94
1500.59
1262.04
1046.64
1089.85
1457.78
2406.48
2929.46
2235.99
1403.78
930.882
645.407
538.51
65.1091
107.8
160.997
223.255
284.483
431.546
1108.87
1744.82
2068.48
2708.93
3019.34
2560.96
1793.71
1498.73
1837.61
1338.98
453.57
206.122
92.3255
43.7321
222.714
527.067
826.719
810.433
874.178
1226.14
1655.5
1824.77
1624.17
1402.47
1182.36
1220.31
1558.77
2443.13
2941.56
2260.03
1463.65
1020.56
749.09
624.954
45.6236
67.0918
126.358
112.344
249.249
869.302
1466.85
1806.68
2430.58
2700.44
2295.17
1561.53
1213.51
1639.41
1175.95
326.115
143.857
107.277
94.6243
411.887
693.054
966.698
947.197
895.622
1282.24
1717.07
1951.81
1771.44
1532.81
1341.28
1362.62
1613.76
2533.94
2969.85
2307.73
1522.37
1106.02
843.897
667
30.9006
81.0158
134.152
267.008
950.789
1617.76
1957.34
2578.27
2865.36
2403.86
1632.15
1324.91
1657.72
1167.94
312.443
136.301
123.517
200.118
488.672
801.551
1077.15
987.186
913.245
1224.67
1736.69
1978.04
1813.16
1632.84
1450.22
1506.3
1841.63
2706.05
3196.73
2520.25
1735.82
1302.06
1032.92
898.033
53.2762
77.7563
326.93
1097.61
1815.53
2186.77
2772.32
3011.22
2570.89
1787.92
1401.46
1718.75
1188.55
267.827
58.0182
91.624
200.698
555.046
850.666
1073.54
962.142
830.621
1148.46
1659.28
1911.74
1768.75
1611.82
1496.58
1589.34
1938.23
2883.04
3386.72
2702
1885.28
1424.38
1140.98
1013.79
51.2719
265.352
1072.09
1811.5
2193.56
2761.32
2985.25
2542.03
1750.92
1344.57
1639.38
1095.54
155.743
23.4704
77.8154
232.994
588.569
872.872
1076.11
926.123
748.744
1036.37
1583.57
1852.64
1726.78
1597.28
1509.59
1621.54
1990.35
2940.21
3456.56
2768.99
1947.69
1480.94
1195.59
1075.89
238.273
817.672
1574.5
1970.33
2516.85
2729.44
2279.87
1484.79
1082.79
1374.26
846.8
61.7879
24.2571
147.153
322.876
673.495
955.524
1159.58
969.263
724.951
953.639
1572.9
1886.41
1779.1
1671.02
1590
1704.85
2074.66
2993.32
3504.92
2821.96
2015.3
1557.85
1275.53
1151.21
581.215
774.283
1214.21
1656.03
1837.63
1391.4
613.146
474.884
656.506
407.338
93.8194
219.23
443.946
589.382
935.504
1230
1449.96
1247.31
872.035
1009.27
1751.21
2155.34
2074.48
1964.36
1869.07
1960.83
2270.69
3107.85
3570.15
2912.69
2163.28
1748.66
1483.03
1329.93
242.307
341.219
882.074
1052.81
546.844
81.4651
-50.0935
84.222
121.003
235.527
289.854
435.392
488.623
621.445
724.154
757.981
833.571
844.624
887.195
1088.64
1271.03
1339.69
1388.61
1561.97
1865.39
2184.86
2544.17
3268.08
3727.9
3324.4
2833.58
2661.58
2913.16
2472.42
1592.79
1316.86
1151.81
822.082
552.276
626.771
965.198
1182.88
1649.13
2149.97
2297.6
2235.27
1889.34
1384.83
817.723
559.065
559.179
1097.49
1454.76
824.682
295.45
198.18
221.275
309.38
94.9824
16.4795
298.196
355.235
626.11
886.181
1022.46
1067.2
1134.4
1084.91
1082.79
1304.25
1522.75
1598.7
1625.16
1750.06
1963.35
2188.32
2486.22
3221.95
3694.36
3338.47
2853.62
2728.32
3045.83
2663.42
1828.88
1587.56
1434.11
1127.38
911.11
1004.22
1341.97
1561.28
1984.14
2485.52
2666.24
2612.8
2260.44
1729.78
1150.29
757.937
609.477
1061.29
1259.14
762.941
277.547
359.779
544.737
327.549
45.1427
34.8694
314.692
542.775
813.77
963.866
1011.97
1070.82
1004.67
946.704
1205.02
1423.71
1503.37
1527.56
1629.21
1866.12
2064.56
2354.13
3104.24
3613.41
3200.41
2729.97
2594.69
2916.8
2543.75
1729.51
1498.38
1351.98
1077.85
905.038
1040.45
1402.19
1575.98
1986.98
2464.74
2675.88
2670.85
2342.03
1866.4
1268.99
1036.09
946.98
1326.09
1643.23
1051.23
603.071
590.581
660.97
443.459
104.515
172.338
452.019
757.258
924.059
974.749
1018.01
913.496
802.532
1083.13
1312.25
1393.97
1402.73
1456.98
1645.22
1786.23
2056.05
2808.49
3328.46
2911.87
2454.21
2335.41
2674.49
2342.28
1592.31
1395.83
1266.36
1022.97
917.825
1086.65
1468.21
1636.81
1944.9
2391.12
2698.28
2730.85
2419.82
1972
1424.42
1197.09
1183.17
1605.64
1919.7
1337.49
842.992
750.398
753.983
526.963
129.116
305.618
700.097
884.493
933.509
950.595
770.719
672.291
899.427
1167.76
1242.94
1209.77
1220.4
1296
1434.49
1689.28
2412.71
2876.35
2543.57
2071.49
1978.21
2364.01
2087.75
1377.09
1249.22
1157.02
963.873
920.735
1135.09
1518
1650.1
1877.91
2333.3
2653.23
2755.34
2464.99
2031.75
1545.26
1296.7
1232.97
1752.51
1988.12
1458.92
932.377
859.814
843.04
582.199
253.162
408.499
597.317
644.115
650.799
467.253
389.339
592.113
852.727
928.371
911.831
959.678
1133.26
1356.89
1669.09
2398.92
2865.16
2450.26
1977.44
1840.11
2155.42
1833.63
1099.06
937.905
842.563
682.118
678.318
923.065
1310.68
1401.89
1605.57
2029.17
2379.74
2508.62
2238.85
1867.9
1419.25
1280.75
1352.02
1909.27
2252.51
1655.32
1083.83
875.537
760.651
546.398
154.065
192.164
239.108
253.677
180.738
141.378
357.033
542.744
617.937
652.516
786.867
1126.36
1553.63
2014.9
2708.56
3093.47
2655.17
2144.97
1924.36
2143.05
1691.8
850.782
615.366
482.801
299.986
336.116
572.172
941.18
1046.38
1226.53
1639.86
2003.86
2107.62
1853.79
1522.94
1164.45
1092.62
1319.24
2089.47
2524
1865.47
1135.61
771.639
554.041
390.394
34.7179
46.5299
99.1964
140.464
157.572
377.358
484.972
554.218
623.862
823.354
1269.45
1805.25
2331.19
3001.76
3347.47
2897.98
2377.5
2107.89
2264.29
1735.33
816.139
531.605
364.913
181.216
177.584
416.099
776.823
865.127
1082.48
1498.11
1823.87
1914.41
1665.11
1369.56
1056.91
1035.88
1350.01
2227.29
2717.82
2033.9
1232.29
794.009
528.855
402.671
22.4669
67.722
165.542
284.674
436.365
526.057
584.783
663.787
901.895
1365.12
1954.73
2505.79
3158.85
3480.11
3040.97
2515.06
2231.83
2352.52
1798.44
852.748
549.378
372.123
154.894
166.686
377.584
716.911
821.486
1038.94
1464.82
1774.29
1850.39
1603.39
1311.68
1037.52
1037.09
1372.29
2310.96
2815.95
2125.04
1297.95
832.803
549.896
434.717
67.249
124.101
276.348
401.946
474.166
524.537
607.68
861.191
1335.25
1952.12
2518.9
3160.78
3468.43
3031.81
2504.76
2211.93
2312.55
1744.85
790.13
480.896
301.737
82.1833
143.843
343.255
655.934
754.656
947.906
1371.22
1688.84
1765.33
1526.64
1248.32
1005.6
1024.13
1372.11
2332.13
2846.92
2153.22
1318.18
844.354
558.593
452.391
89.3449
136.235
266.72
310.504
365.156
451.126
695.578
1198.93
1828.82
2412.51
3046.11
3345.14
2897.49
2372.67
2065.15
2159.78
1581.14
624.289
323.315
138.717
26.0569
131.949
384.967
681.548
715.745
856.74
1248.27
1608.29
1718.94
1500.59
1262.04
1046.64
1089.85
1457.78
2406.48
2929.46
2235.99
1403.78
930.882
645.407
538.51
65.1091
107.8
160.997
223.255
284.483
442.289
912.553
1495.76
2068.48
2708.93
3019.34
2560.96
2039.77
1745.15
1879.97
1338.98
453.57
206.122
92.3255
43.7321
222.714
527.067
826.719
810.433
874.178
1226.14
1655.5
1824.77
1624.17
1402.47
1182.36
1220.31
1558.77
2443.13
2941.56
2260.03
1463.65
1020.56
749.09
624.954
45.6236
67.0918
126.358
112.344
305.809
625.488
1263.6
1806.68
2430.58
2700.44
2295.17
1761.77
1507.41
1635.95
1175.95
326.115
143.857
107.277
94.6243
411.887
693.054
966.698
947.197
895.622
1282.24
1717.07
1951.81
1771.44
1532.81
1341.28
1362.62
1613.76
2533.94
2969.85
2307.73
1522.37
1106.02
843.897
667
30.9006
81.0158
134.152
272.258
746.766
1363.2
1957.34
2578.27
2865.36
2403.86
1883.7
1579.03
1705.57
1167.94
312.443
136.301
123.517
200.118
488.672
801.551
1077.15
987.186
913.245
1224.67
1736.69
1978.04
1813.16
1632.84
1450.22
1506.3
1841.63
2706.05
3196.73
2520.25
1735.82
1302.06
1032.92
898.033
53.2762
77.7563
326.152
830.563
1554.95
2186.77
2772.32
3011.22
2570.89
2045.5
1718.6
1772.63
1188.55
267.827
58.0182
91.624
200.698
555.046
850.666
1073.54
962.142
830.621
1148.46
1659.28
1911.74
1768.75
1611.82
1496.58
1589.34
1938.23
2883.04
3386.72
2702
1885.28
1424.38
1140.98
1013.79
51.2719
252.858
792.242
1539.2
2193.56
2761.32
2985.25
2542.03
2020.21
1674.5
1704.97
1095.54
155.743
23.4704
77.8154
232.994
588.569
872.872
1076.11
926.123
748.744
1036.37
1583.57
1852.64
1726.78
1597.28
1509.59
1621.54
1990.35
2940.21
3456.56
2768.99
1947.69
1480.94
1195.59
1075.89
219.013
545.372
1295.43
1970.33
2516.85
2729.44
2279.87
1760.85
1405.19
1446.62
846.8
61.7879
24.2571
147.153
322.876
673.495
955.524
1159.58
969.263
724.951
953.639
1572.9
1886.41
1779.1
1671.02
1590
1704.85
2074.66
2993.32
3504.92
2821.96
2015.3
1557.85
1275.53
1151.21
302.149
774.283
1470.88
1908.77
2025.94
1633.57
1126.74
804.044
762.71
341.994
54.4221
198.639
440.79
588.259
952.702
1239.09
1429.46
1220.49
798.975
910.603
1682.04
2088.41
2029.13
1928.2
1873.78
1983.93
2296.38
3199.98
3668.69
3002.53
2221.89
1788.38
1513.64
1361.62
498.98
593.958
1067.25
1287.91
732.143
320.621
50.0935
260.284
308.091
124.575
718.196
948.351
1109.44
1420.24
1715.02
1966.4
1663.04
1150.45
1353.66
1982.73
2597.73
2521.02
2469.37
2340.02
2436.08
2732.95
3463.18
3907.56
3269.68
2575.87
2201.6
1953.61
1789.88
213.43
524.3
748.203
443.449
171.95
145.805
523.88
724.394
1003.29
1498.2
1683.86
1765.41
2059.21
2364.42
2639.29
2478.21
1998.28
2098.69
2915.98
3416.46
3335
3166.63
2980.48
2981.44
3102.66
3726.19
4051.89
3481.67
2897.62
2636.07
2443.62
2226.56
489.313
385.225
334.629
323.783
561.523
933.368
1372.81
1742.73
2171.34
2317.66
2356.9
2634.11
2939.96
3252.64
3167.21
2737.83
2806.44
3695.89
4137.13
4029.28
3798.72
3552.72
3473.89
3513.11
4004.04
4258.51
3743.39
3252.28
3077.14
2924.55
2678.06
159.671
148.822
428.012
640.714
945.985
1456.99
2093.53
2717.28
2902.73
2986.68
3266.88
3579.33
3876.18
3693.01
3141.57
3187.71
4044.24
4635.83
4565.18
4405.32
4194.14
4171
4232.69
4741.72
5015.07
4490.16
3986.74
3791.41
3624.09
3392.49
127.369
459.346
476.851
900.778
1311.9
2133.31
2921.87
3140.46
3274
3567.07
3878.02
4162.36
3881.94
3196.49
3264.04
4058.7
4794.17
4743.4
4676.61
4502.6
4546.33
4709.52
5233.65
5570.78
5011.48
4471.47
4213.68
4013.42
3808.84
330.663
260.35
482.898
1043.31
1798.34
2484.66
2706.63
2820.46
3146.04
3454.07
3712.44
3489.39
2831.57
2788.47
3738.36
4361.86
4333.52
4223.48
4090.51
4118.36
4265.61
4892.47
5217.87
4649.91
4059.01
3784.41
3575.25
3356.58
108.364
383.095
843.901
1345.71
1967.03
2181.11
2298.34
2615.89
2926.02
3194.15
2975.79
2390.69
2421.91
3298.69
3883.84
3830.35
3715.08
3564.24
3596.17
3775.45
4413.15
4765.05
4179.56
3569.57
3273.72
3057.78
2849.81
359.507
320.786
994.697
1606.69
1848.8
1977.86
2319.81
2617.61
2832.26
2589.1
1925.64
1760.46
2816.84
3391.76
3399.69
3315.71
3248.55
3322.61
3540.23
4281.26
4665.14
4054.24
3385.28
3041.37
2802.99
2607.68
185.762
662.03
1599.14
1876.43
2050.27
2391.72
2656.46
2825.89
2434.52
1540.33
1544.54
2329.96
3165.9
3196.72
3250.4
3251.48
3415.21
3724.76
4542.37
4994.75
4350.23
3620.73
3222.57
2959.51
2795.51
775.066
967.128
1269.05
1452
1808.38
2050.05
2181.45
1768.53
937.746
979.83
1708.28
2488.12
2519.95
2586.97
2632.25
2825.91
3190.42
4093.54
4590.31
3921.65
3138.26
2695.04
2414.56
2273.27
194.23
306.746
485.959
842.667
1095.64
1231.78
947.458
508.224
459.449
1337.6
1739.8
1723.62
1680.71
1698.33
1862.04
2235.33
3194.39
3711.34
3027.52
2212.01
1745.12
1459.28
1338.31
109.9
177.375
528.698
795.066
975.757
798.744
594.008
848.093
1425.01
1698.12
1587.86
1478.82
1419.18
1550.07
1934.2
2901.66
3430.24
2739.25
1909.72
1435.42
1148.46
1037.24
63.1526
356.096
643.466
847.459
765.319
697.917
1041.06
1499.82
1705.65
1551.24
1385.8
1282.91
1387.39
1750.89
2736.51
3257.19
2565.28
1729.92
1253.41
966.423
855.805
291.302
297.378
593.839
555.175
739.553
1116.86
1433.77
1577.52
1365.72
1153.45
943.031
1013.81
1388.64
2372.76
2902.46
2206.73
1362.81
881.141
594.5
499.008
73.7453
298.592
502.778
778.586
1234.75
1486.61
1481.8
1215.72
886.498
633.071
645.044
1007.26
2034.26
2574.03
1871.88
1013.88
520.043
250.056
203.531
291.298
243.41
781.147
1249.01
1319.31
1253.17
943.57
596.519
399.655
485.884
838.095
1953.54
2531.64
1824.21
954.319
472.148
255.381
240.162
37.5248
565.191
1032.88
1000.12
841.53
517.281
273.318
237.908
444.695
919.28
2045.52
2709.71
2007.45
1148.26
707.44
543.594
581.57
597.375
402.791
618.556
458.184
256.191
146.723
302.094
548.216
1109.28
2209.68
2905.57
2211.4
1357.95
929.926
764.908
785.136
139.701
229.86
545.637
582.749
667.777
939.152
1352.16
1721.66
2934.59
3568.32
2860.34
1991.01
1514.72
1306.98
1301.52
429.755
486.652
700.207
1017.61
1403.6
1840.58
2233.8
3437.39
4089.57
3381.98
2513.76
2033.22
1807.43
1787.02
66.2057
324.202
715.757
1215.24
1651.22
2127.26
3294.65
4019.64
3330.17
2488.4
2061.68
1892.14
1911.33
272.369
399.423
950.97
1412.18
1864.06
3056.2
3806.4
3126.83
2301.2
1911.71
1798.66
1854.01
116.907
548.791
1056.02
1441.88
2672.49
3410.02
2728.65
1913.94
1542.57
1456.86
1522.58
439.89
488.157
878.019
2060.21
2800.92
2123.63
1323.2
1003.44
998.134
1092.42
29.1619
354.978
1408.59
2123.12
1453.21
667.76
381.911
451.915
549.748
193.686
1026.43
1645.44
960.097
268.49
165.957
308.878
422.782
740.361
629.305
201.523
108.411
250.831
577.744
653.611
17.0907
28.6446
297.005
1057.63
1525.42
1472.43
133.704
707.957
1577.32
2053.4
1977.97
578.788
869.254
1348.72
1283.31
295.202
485.935
482.395
200.874
108.062
35.4355
